<?xml version="1.0" encoding="UTF-8"?>
<testng-results ignored="0" total="3" passed="2" failed="1" skipped="0">
  <reporter-output>
  </reporter-output>
  <suite started-at="2024-03-14T12:32:45 IST" name="Default suite" finished-at="2024-03-14T12:34:19 IST" duration-ms="93559">
    <groups>
    </groups>
    <test started-at="2024-03-14T12:32:45 IST" name="Default test" finished-at="2024-03-14T12:34:19 IST" duration-ms="93559">
      <class name="testCases.Checkboxtest">
        <test-method is-config="true" signature="setup()[pri:0, instance:testCases.Checkboxtest@4d5d943d]" started-at="2024-03-14T12:32:46 IST" name="setup" finished-at="2024-03-14T12:33:22 IST" duration-ms="36762" status="PASS">
          <reporter-output>
          </reporter-output>
        </test-method> <!-- setup -->
        <test-method signature="testcase1()[pri:0, instance:testCases.Checkboxtest@4d5d943d]" started-at="2024-03-14T12:33:23 IST" name="testcase1" finished-at="2024-03-14T12:33:34 IST" duration-ms="11495" status="PASS">
          <reporter-output>
          </reporter-output>
        </test-method> <!-- testcase1 -->
        <test-method is-config="true" signature="screenshottest()[pri:0, instance:testCases.Checkboxtest@4d5d943d]" started-at="2024-03-14T12:33:34 IST" name="screenshottest" finished-at="2024-03-14T12:33:37 IST" duration-ms="2312" status="PASS">
          <reporter-output>
          </reporter-output>
        </test-method> <!-- screenshottest -->
        <test-method signature="testcase2()[pri:0, instance:testCases.Checkboxtest@4d5d943d]" started-at="2024-03-14T12:33:37 IST" name="testcase2" finished-at="2024-03-14T12:33:41 IST" duration-ms="4074" status="PASS">
          <reporter-output>
          </reporter-output>
        </test-method> <!-- testcase2 -->
        <test-method is-config="true" signature="screenshottest()[pri:0, instance:testCases.Checkboxtest@4d5d943d]" started-at="2024-03-14T12:33:41 IST" name="screenshottest" finished-at="2024-03-14T12:33:45 IST" duration-ms="3858" status="PASS">
          <reporter-output>
          </reporter-output>
        </test-method> <!-- screenshottest -->
        <test-method signature="testcase3()[pri:0, instance:testCases.Checkboxtest@4d5d943d]" started-at="2024-03-14T12:33:45 IST" name="testcase3" finished-at="2024-03-14T12:33:59 IST" duration-ms="13827" status="FAIL">
          <exception class="java.lang.AssertionError">
            <message>
              <![CDATA[expected [true] but found [false]]]>
            </message>
            <full-stacktrace>
              <![CDATA[java.lang.AssertionError: expected [true] but found [false]
at org.testng.Assert.fail(Assert.java:111)
at org.testng.Assert.failNotEquals(Assert.java:1578)
at org.testng.Assert.assertTrue(Assert.java:57)
at org.testng.Assert.assertTrue(Assert.java:67)
at testCases.Checkboxtest.testcase3(Checkboxtest.java:46)
at java.base/jdk.internal.reflect.NativeMethodAccessorImpl.invoke0(Native Method)
at java.base/jdk.internal.reflect.NativeMethodAccessorImpl.invoke(NativeMethodAccessorImpl.java:77)
at java.base/jdk.internal.reflect.DelegatingMethodAccessorImpl.invoke(DelegatingMethodAccessorImpl.java:43)
at java.base/java.lang.reflect.Method.invoke(Method.java:568)
at org.testng.internal.invokers.MethodInvocationHelper.invokeMethod(MethodInvocationHelper.java:139)
at org.testng.internal.invokers.TestInvoker.invokeMethod(TestInvoker.java:664)
at org.testng.internal.invokers.TestInvoker.invokeTestMethod(TestInvoker.java:228)
at org.testng.internal.invokers.MethodRunner.runInSequence(MethodRunner.java:63)
at org.testng.internal.invokers.TestInvoker$MethodInvocationAgent.invoke(TestInvoker.java:961)
at org.testng.internal.invokers.TestInvoker.invokeTestMethods(TestInvoker.java:201)
at org.testng.internal.invokers.TestMethodWorker.invokeTestMethods(TestMethodWorker.java:148)
at org.testng.internal.invokers.TestMethodWorker.run(TestMethodWorker.java:128)
at java.base/java.util.ArrayList.forEach(ArrayList.java:1511)
at org.testng.TestRunner.privateRun(TestRunner.java:819)
at org.testng.TestRunner.run(TestRunner.java:619)
at org.testng.SuiteRunner.runTest(SuiteRunner.java:443)
at org.testng.SuiteRunner.runSequentially(SuiteRunner.java:437)
at org.testng.SuiteRunner.privateRun(SuiteRunner.java:397)
at org.testng.SuiteRunner.run(SuiteRunner.java:336)
at org.testng.SuiteRunnerWorker.runSuite(SuiteRunnerWorker.java:52)
at org.testng.SuiteRunnerWorker.run(SuiteRunnerWorker.java:95)
at org.testng.TestNG.runSuitesSequentially(TestNG.java:1301)
at org.testng.TestNG.runSuitesLocally(TestNG.java:1228)
at org.testng.TestNG.runSuites(TestNG.java:1134)
at org.testng.TestNG.run(TestNG.java:1101)
at org.testng.remote.AbstractRemoteTestNG.run(AbstractRemoteTestNG.java:115)
at org.testng.remote.RemoteTestNG.initAndRun(RemoteTestNG.java:251)
at org.testng.remote.RemoteTestNG.main(RemoteTestNG.java:77)
]]>
            </full-stacktrace>
          </exception> <!-- java.lang.AssertionError -->
          <reporter-output>
          </reporter-output>
        </test-method> <!-- testcase3 -->
        <test-method is-config="true" signature="screenshottest()[pri:0, instance:testCases.Checkboxtest@4d5d943d]" started-at="2024-03-14T12:33:59 IST" name="screenshottest" finished-at="2024-03-14T12:34:03 IST" duration-ms="3853" status="PASS">
          <reporter-output>
          </reporter-output>
        </test-method> <!-- screenshottest -->
        <test-method is-config="true" signature="tearDown()[pri:0, instance:testCases.Checkboxtest@4d5d943d]" started-at="2024-03-14T12:34:03 IST" name="tearDown" finished-at="2024-03-14T12:34:19 IST" duration-ms="16047" status="PASS">
          <reporter-output>
          </reporter-output>
        </test-method> <!-- tearDown -->
      </class> <!-- testCases.Checkboxtest -->
    </test> <!-- Default test -->
  </suite> <!-- Default suite -->
</testng-results>
